
/home/amaz/doorlogger/venv/lib/python3.11/site-packages/face_recognition_models/__init__.py:7: UserWarning: pkg_resources is deprecated as an API. See https://setuptools.pypa.io/en/latest/pkg_resources.html. The pkg_resources package is slated for removal as early as 2025-11-30. Refrain from using this package or pin to Setuptools<81.
  from pkg_resources import resource_filename
[73:35:57.378071347] [20166] [1;32m INFO [1;37mCamera [1;34mcamera_manager.cpp:326 [0mlibcamera v0.5.0+59-d83ff0a4
[73:35:57.423830642] [20209] [1;33m WARN [1;37mCameraSensorProperties [1;34mcamera_sensor_properties.cpp:473 [0mNo static properties available for 'imx708_noir'
[73:35:57.425493123] [20209] [1;33m WARN [1;37mCameraSensorProperties [1;34mcamera_sensor_properties.cpp:475 [0mPlease consider updating the camera sensor properties database
[73:35:57.451276201] [20209] [1;33m WARN [1;37mRPiSdn [1;34msdn.cpp:40 [0mUsing legacy SDN tuning - please consider moving SDN inside rpi.denoise
[73:35:57.453996948] [20209] [1;33m WARN [1;37mCameraSensor [1;34mcamera_sensor_legacy.cpp:501 [0;32m'imx708_noir': [0mNo sensor delays found in static properties. Assuming unverified defaults.
[73:35:57.454775162] [20209] [1;32m INFO [1;37mRPI [1;34mvc4.cpp:447 [0mRegistered camera /base/soc/i2c0mux/i2c@1/imx708@1a to Unicam device /dev/media3 and ISP device /dev/media1
[73:35:57.454847327] [20209] [1;32m INFO [1;37mRPI [1;34mpipeline_base.cpp:1121 [0mUsing configuration file '/usr/share/libcamera/pipeline/rpi/vc4/rpi_apps.yaml'
[73:35:57.463076623] [20166] [1;32m INFO [1;37mCamera [1;34mcamera.cpp:1205 [0mconfiguring streams: (0) 640x480-RGB888 (1) 1536x864-SRGGB10_CSI2P
[73:35:57.463609784] [20209] [1;32m INFO [1;37mRPI [1;34mvc4.cpp:622 [0mSensor: /base/soc/i2c0mux/i2c@1/imx708@1a - Selected sensor format: 1536x864-SRGGB10_1X10 - Selected unicam format: 1536x864-pRAA
/home/amaz/doorlogger/venv/lib/python3.11/site-packages/face_recognition_models/__init__.py:7: UserWarning: pkg_resources is deprecated as an API. See https://setuptools.pypa.io/en/latest/pkg_resources.html. The pkg_resources package is slated for removal as early as 2025-11-30. Refrain from using this package or pin to Setuptools<81.
  from pkg_resources import resource_filename
[73:54:22.760194820] [20403] [1;32m INFO [1;37mCamera [1;34mcamera_manager.cpp:326 [0mlibcamera v0.5.0+59-d83ff0a4
[73:54:22.780412044] [20418] [1;33m WARN [1;37mCameraSensorProperties [1;34mcamera_sensor_properties.cpp:473 [0mNo static properties available for 'imx708_noir'
[73:54:22.780537154] [20418] [1;33m WARN [1;37mCameraSensorProperties [1;34mcamera_sensor_properties.cpp:475 [0mPlease consider updating the camera sensor properties database
[73:54:22.802344652] [20418] [1;33m WARN [1;37mRPiSdn [1;34msdn.cpp:40 [0mUsing legacy SDN tuning - please consider moving SDN inside rpi.denoise
[73:54:22.803947297] [20418] [1;33m WARN [1;37mCameraSensor [1;34mcamera_sensor_legacy.cpp:501 [0;32m'imx708_noir': [0mNo sensor delays found in static properties. Assuming unverified defaults.
[73:54:22.808859804] [20418] [1;32m INFO [1;37mRPI [1;34mvc4.cpp:447 [0mRegistered camera /base/soc/i2c0mux/i2c@1/imx708@1a to Unicam device /dev/media3 and ISP device /dev/media1
[73:54:22.808966933] [20418] [1;32m INFO [1;37mRPI [1;34mpipeline_base.cpp:1121 [0mUsing configuration file '/usr/share/libcamera/pipeline/rpi/vc4/rpi_apps.yaml'
[73:54:22.825493448] [20403] [1;32m INFO [1;37mCamera [1;34mcamera.cpp:1205 [0mconfiguring streams: (0) 640x480-RGB888 (1) 1536x864-SRGGB10_CSI2P
[73:54:22.827872953] [20418] [1;32m INFO [1;37mRPI [1;34mvc4.cpp:622 [0mSensor: /base/soc/i2c0mux/i2c@1/imx708@1a - Selected sensor format: 1536x864-SRGGB10_1X10 - Selected unicam format: 1536x864-pRAA
/home/amaz/doorlogger/venv/lib/python3.11/site-packages/face_recognition_models/__init__.py:7: UserWarning: pkg_resources is deprecated as an API. See https://setuptools.pypa.io/en/latest/pkg_resources.html. The pkg_resources package is slated for removal as early as 2025-11-30. Refrain from using this package or pin to Setuptools<81.
  from pkg_resources import resource_filename
[74:17:56.774567023] [20624] [1;32m INFO [1;37mCamera [1;34mcamera_manager.cpp:326 [0mlibcamera v0.5.0+59-d83ff0a4
[74:17:56.796568974] [20688] [1;33m WARN [1;37mCameraSensorProperties [1;34mcamera_sensor_properties.cpp:473 [0mNo static properties available for 'imx708_noir'
[74:17:56.796697009] [20688] [1;33m WARN [1;37mCameraSensorProperties [1;34mcamera_sensor_properties.cpp:475 [0mPlease consider updating the camera sensor properties database
[74:17:56.809265304] [20688] [1;33m WARN [1;37mRPiSdn [1;34msdn.cpp:40 [0mUsing legacy SDN tuning - please consider moving SDN inside rpi.denoise
[74:17:56.810921464] [20688] [1;33m WARN [1;37mCameraSensor [1;34mcamera_sensor_legacy.cpp:501 [0;32m'imx708_noir': [0mNo sensor delays found in static properties. Assuming unverified defaults.
[74:17:56.811801803] [20688] [1;32m INFO [1;37mRPI [1;34mvc4.cpp:447 [0mRegistered camera /base/soc/i2c0mux/i2c@1/imx708@1a to Unicam device /dev/media3 and ISP device /dev/media1
[74:17:56.811902376] [20688] [1;32m INFO [1;37mRPI [1;34mpipeline_base.cpp:1121 [0mUsing configuration file '/usr/share/libcamera/pipeline/rpi/vc4/rpi_apps.yaml'
[74:17:56.821441086] [20624] [1;32m INFO [1;37mCamera [1;34mcamera.cpp:1205 [0mconfiguring streams: (0) 640x480-RGB888 (1) 1536x864-SRGGB10_CSI2P
[74:17:56.821990226] [20688] [1;32m INFO [1;37mRPI [1;34mvc4.cpp:622 [0mSensor: /base/soc/i2c0mux/i2c@1/imx708@1a - Selected sensor format: 1536x864-SRGGB10_1X10 - Selected unicam format: 1536x864-pRAA
